<?xml version="1.0" encoding="UTF-8"?>
<!-- Generated by org.testng.reporters.JUnitXMLReporter -->
<testsuite ignored="0" hostname="DESKTOP-HAQMENS" failures="0" tests="4" name="Parallel Test" time="0.11" errors="0" timestamp="2021-10-31T16:56:15 IST">
  <testcase classname="Com.testing.Test4" name="method1" time="0.009"/>
  <testcase classname="Com.testing.TestNGParallelTestingDemo" name="Test1" time="0.012"/>
  <testcase classname="Com.testing.TestNGParallelTestingDemo" name="Test2" time="0.002"/>
  <testcase classname="Com.testing.Test4" name="method2" time="0.008"/>
</testsuite> <!-- Parallel Test -->
