<?xml version="1.0" encoding="UTF-8"?>
<!-- Generated by org.testng.reporters.JUnitXMLReporter -->
<testsuite ignored="0" hostname="DESKTOP-HAQMENS" failures="0" tests="3" name="Personal Loan " time="0.164" errors="0" timestamp="2021-10-23T08:49:10 IST">
  <testcase classname="Com.testing.test1" name="method1" time="0.023"/>
  <testcase classname="Com.testing.test1" name="method2" time="0.005"/>
  <testcase classname="Com.testing.test1" name="method3" time="0.007"/>
</testsuite> <!-- Personal Loan  -->
