<?xml version="1.0" encoding="UTF-8"?>
<testng-results ignored="0" total="4" passed="4" failed="0" skipped="0">
  <reporter-output>
  </reporter-output>
  <suite started-at="2021-10-31T16:56:14 IST" name="Suite" finished-at="2021-10-31T16:56:15 IST" duration-ms="110">
    <groups>
    </groups>
    <test started-at="2021-10-31T16:56:14 IST" name="Parallel Test" finished-at="2021-10-31T16:56:15 IST" duration-ms="110">
      <class name="Com.testing.Test4">
        <test-method is-config="true" signature="method3()[pri:0, instance:Com.testing.Test4@460d0a57]" started-at="2021-10-31T16:56:14 IST" name="method3" finished-at="2021-10-31T16:56:14 IST" duration-ms="13" status="PASS">
          <reporter-output>
          </reporter-output>
        </test-method> <!-- method3 -->
        <test-method signature="method1()[pri:0, instance:Com.testing.Test4@460d0a57]" started-at="2021-10-31T16:56:15 IST" name="method1" finished-at="2021-10-31T16:56:15 IST" duration-ms="9" status="PASS">
          <reporter-output>
          </reporter-output>
        </test-method> <!-- method1 -->
        <test-method signature="method2()[pri:0, instance:Com.testing.Test4@460d0a57]" started-at="2021-10-31T16:56:15 IST" name="method2" finished-at="2021-10-31T16:56:15 IST" duration-ms="8" status="PASS">
          <reporter-output>
          </reporter-output>
        </test-method> <!-- method2 -->
      </class> <!-- Com.testing.Test4 -->
      <class name="Com.testing.TestNGParallelTestingDemo">
        <test-method signature="Test1()[pri:0, instance:Com.testing.TestNGParallelTestingDemo@43301423]" started-at="2021-10-31T16:56:15 IST" name="Test1" finished-at="2021-10-31T16:56:15 IST" duration-ms="12" status="PASS">
          <reporter-output>
          </reporter-output>
        </test-method> <!-- Test1 -->
        <test-method signature="Test2()[pri:0, instance:Com.testing.TestNGParallelTestingDemo@43301423]" started-at="2021-10-31T16:56:15 IST" name="Test2" finished-at="2021-10-31T16:56:15 IST" duration-ms="2" status="PASS">
          <reporter-output>
          </reporter-output>
        </test-method> <!-- Test2 -->
      </class> <!-- Com.testing.TestNGParallelTestingDemo -->
    </test> <!-- Parallel Test -->
  </suite> <!-- Suite -->
</testng-results>
